Arguments: 
  /home/sousadev/.nvm/versions/node/v16.17.0/bin/node /usr/local/bin/yarn

PATH: 
  /home/sousadev/.nvm/versions/node/v16.17.0/bin:/usr/local/sbin:/usr/local/bin:/usr/sbin:/usr/bin:/sbin:/bin:/usr/games:/usr/local/games:/snap/bin:/snap/bin:/home/sousadev/nodejs/bin

Yarn version: 
  1.22.19

Node version: 
  16.17.0

Platform: 
  linux x64

Trace: 
  SyntaxError: /media/sousadev/Programas/Area de Trabalho (Coding)/GitHub/challenge-surflex-backend/package.json: Unexpected token { in JSON at position 236
      at JSON.parse (<anonymous>)
      at /usr/local/lib/node_modules/yarn/lib/cli.js:1629:59
      at Generator.next (<anonymous>)
      at step (/usr/local/lib/node_modules/yarn/lib/cli.js:310:30)
      at /usr/local/lib/node_modules/yarn/lib/cli.js:321:13

npm manifest: 
  {
    "name": "challenge-surflex-backend",
    "version": "1.0.0",
    "main": "index.js",
    "repository": "https://github.com/jrsousadev/challenge-surflex-backend.git",
    "author": "Junior Sousa <jrsousadev@gmail.com>",
    "license": "MIT"
  }
  {
    "name": "Prisma_NodeJS",
    "version": "1.0.0",
    "main": "index.js",
    "license": "MIT",
    "scripts": {
      "dev": "ts-node-dev --inspect --transpile-only --ignore-watch node_modules --respawn src/shared/server.ts",
      "build": "tsc",
      "prisma-generate": "prisma generate --schema=./src/prisma/schema.prisma",
      "start": "node dist/shared/server.js"
    },
    "dependencies": {
      "@prisma/client": "^4.2.1",
      "bcryptjs": "^2.4.3",
      "cors": "^2.8.5",
      "express": "^4.18.1",
      "jsonwebtoken": "^8.5.1",
      "jwt-decode": "^3.1.2",
      "reflect-metadata": "^0.1.13",
      "tsyringe": "^4.7.0",
      "uuid": "^8.3.2"
    },
    "devDependencies": {
      "@types/bcryptjs": "^2.4.2",
      "@types/cors": "^2.8.12",
      "@types/express": "^4.17.13",
      "@types/jsonwebtoken": "^8.5.8",
      "@types/node": "^18.7.6",
      "@types/typescript": "^2.0.0",
      "@types/uuid": "^8.3.4",
      "prisma": "^4.2.1",
      "ts-node": "^10.9.1",
      "ts-node-dev": "^2.0.0",
      "typescript": "^4.7.4"
    }
  }

yarn manifest: 
  No manifest

Lockfile: 
  No lockfile
